  [1m[36m (15.9ms)[0m  [1mCREATE TABLE "schema_migrations" ("version" varchar NOT NULL) [0m
  [1m[35m (0.1ms)[0m  select sqlite_version(*)
  [1m[36m (13.8ms)[0m  [1mCREATE UNIQUE INDEX "unique_schema_migrations" ON "schema_migrations" ("version")[0m
  [1m[35mActiveRecord::SchemaMigration Load (1.9ms)[0m  SELECT "schema_migrations".* FROM "schema_migrations"
Migrating to CreateMovies (20111119180638)
  [1m[36m (0.1ms)[0m  [1mbegin transaction[0m
DEPRECATION WARNING: `#timestamps` was called without specifying an option for `null`. In Rails 5, this behavior will change to `null: false`. You should manually specify `null: true` to prevent the behavior of your existing migrations from changing. (called from block in up at /mnt/d/sub/hw-acceptance-unit-test-cycle/rottenpotatoes/db/migrate/20111119180638_create_movies.rb:10)
  [1m[35m (5.2ms)[0m  CREATE TABLE "movies" ("id" INTEGER PRIMARY KEY AUTOINCREMENT NOT NULL, "title" varchar, "rating" varchar, "description" text, "release_date" datetime, "created_at" datetime, "updated_at" datetime) 
  [1m[36mSQL (1.0ms)[0m  [1mINSERT INTO "schema_migrations" ("version") VALUES (?)[0m  [["version", "20111119180638"]]
  [1m[35m (9.3ms)[0m  commit transaction
  [1m[36mActiveRecord::SchemaMigration Load (1.4ms)[0m  [1mSELECT "schema_migrations".* FROM "schema_migrations"[0m
  [1m[36m (19.0ms)[0m  [1mCREATE TABLE "movies" ("id" INTEGER PRIMARY KEY AUTOINCREMENT NOT NULL, "title" varchar, "rating" varchar, "description" text, "release_date" datetime, "created_at" datetime, "updated_at" datetime) [0m
  [1m[35m (14.7ms)[0m  CREATE TABLE "schema_migrations" ("version" varchar NOT NULL) 
  [1m[36m (0.1ms)[0m  [1mselect sqlite_version(*)[0m
  [1m[35m (11.6ms)[0m  CREATE UNIQUE INDEX "unique_schema_migrations" ON "schema_migrations" ("version")
  [1m[36m (1.3ms)[0m  [1mSELECT version FROM "schema_migrations"[0m
  [1m[35m (12.2ms)[0m  INSERT INTO "schema_migrations" (version) VALUES ('20111119180638')


Started GET "/" for 127.0.0.1 at 2019-10-13 12:25:44 -0500


Started GET "/movies" for 127.0.0.1 at 2019-10-13 12:25:46 -0500
Processing by MoviesController#index as HTML
  [1m[36mMovie Load (2.6ms)[0m  [1mSELECT "movies".* FROM "movies" WHERE "movies"."rating" IN ('G', 'PG', 'PG-13', 'NC-17', 'R')[0m
  Rendered movies/index.html.haml within layouts/application (108.8ms)
Completed 200 OK in 4450ms (Views: 3950.2ms | ActiveRecord: 41.2ms)


Started GET "/assets/application.self-6f9b50b1298248f9ffdfe129ec4b3e377026ffe33aae3e37ecbf3da21d69be77.css?body=1" for 127.0.0.1 at 2019-10-13 12:25:51 -0500


Started GET "/assets/jquery_ujs.self-e87806d0cf4489aeb1bb7288016024e8de67fd18db693fe026fe3907581e53cd.js?body=1" for 127.0.0.1 at 2019-10-13 12:25:51 -0500


Started GET "/assets/jquery.self-660adc51e0224b731d29f575a6f1ec167ba08ad06ed5deca4f1e8654c135bf4c.js?body=1" for 127.0.0.1 at 2019-10-13 12:25:51 -0500


Started GET "/assets/application.self-ac4347b135ab8935f2dd20089f2acc8bec1d6b2ad528a80fcb03cd445dbd4d27.js?body=1" for 127.0.0.1 at 2019-10-13 12:25:51 -0500
  [1m[36mActiveRecord::SchemaMigration Load (10.7ms)[0m  [1mSELECT "schema_migrations".* FROM "schema_migrations"[0m
Migrating to AddDirectorColumnToMovies (20191013194945)
  [1m[35m (0.1ms)[0m  begin transaction
  [1m[36m (7.4ms)[0m  [1mALTER TABLE "movies" ADD "director" varchar[0m
  [1m[35mSQL (2.9ms)[0m  INSERT INTO "schema_migrations" ("version") VALUES (?)  [["version", "20191013194945"]]
  [1m[36m (12.8ms)[0m  [1mcommit transaction[0m
  [1m[35mActiveRecord::SchemaMigration Load (2.1ms)[0m  SELECT "schema_migrations".* FROM "schema_migrations"


Started GET "/" for 127.0.0.1 at 2019-10-13 14:55:02 -0500


Started GET "/movies" for 127.0.0.1 at 2019-10-13 14:55:04 -0500
Processing by MoviesController#index as HTML
  [1m[36mMovie Load (13.0ms)[0m  [1mSELECT "movies".* FROM "movies" WHERE "movies"."rating" IN ('G', 'PG', 'PG-13', 'NC-17', 'R')[0m
  Rendered movies/index.html.haml within layouts/application (158.6ms)
Completed 200 OK in 3536ms (Views: 2959.5ms | ActiveRecord: 57.0ms)


Started GET "/assets/application.self-6f9b50b1298248f9ffdfe129ec4b3e377026ffe33aae3e37ecbf3da21d69be77.css?body=1" for 127.0.0.1 at 2019-10-13 14:55:08 -0500


Started GET "/assets/jquery.self-660adc51e0224b731d29f575a6f1ec167ba08ad06ed5deca4f1e8654c135bf4c.js?body=1" for 127.0.0.1 at 2019-10-13 14:55:08 -0500


Started GET "/assets/application.self-ac4347b135ab8935f2dd20089f2acc8bec1d6b2ad528a80fcb03cd445dbd4d27.js?body=1" for 127.0.0.1 at 2019-10-13 14:55:08 -0500


Started GET "/assets/jquery_ujs.self-e87806d0cf4489aeb1bb7288016024e8de67fd18db693fe026fe3907581e53cd.js?body=1" for 127.0.0.1 at 2019-10-13 14:55:09 -0500


Started GET "/movies" for 127.0.0.1 at 2019-10-13 14:55:19 -0500
Processing by MoviesController#index as HTML
  [1m[35mMovie Load (4.6ms)[0m  SELECT "movies".* FROM "movies" WHERE "movies"."rating" IN ('G', 'PG', 'PG-13', 'NC-17', 'R')
  Rendered movies/index.html.haml within layouts/application (14.2ms)
Completed 200 OK in 785ms (Views: 780.0ms | ActiveRecord: 4.6ms)
  [1m[36mActiveRecord::SchemaMigration Load (10.0ms)[0m  [1mSELECT "schema_migrations".* FROM "schema_migrations"[0m
  [1m[35mActiveRecord::SchemaMigration Load (1.3ms)[0m  SELECT "schema_migrations".* FROM "schema_migrations"
  [1m[36m (25.6ms)[0m  [1mCREATE TABLE "movies" ("id" INTEGER PRIMARY KEY AUTOINCREMENT NOT NULL, "title" varchar, "rating" varchar, "description" text, "release_date" datetime, "created_at" datetime, "updated_at" datetime, "director" varchar) [0m
  [1m[35m (12.4ms)[0m  CREATE TABLE "schema_migrations" ("version" varchar NOT NULL) 
  [1m[36m (0.1ms)[0m  [1mselect sqlite_version(*)[0m
  [1m[35m (11.8ms)[0m  CREATE UNIQUE INDEX "unique_schema_migrations" ON "schema_migrations" ("version")
  [1m[36m (1.9ms)[0m  [1mSELECT version FROM "schema_migrations"[0m
  [1m[35m (13.2ms)[0m  INSERT INTO "schema_migrations" (version) VALUES ('20191013194945')
  [1m[36m (12.5ms)[0m  [1mINSERT INTO "schema_migrations" (version) VALUES ('20111119180638')[0m
  [1m[36m (16.2ms)[0m  [1mCREATE TABLE "movies" ("id" INTEGER PRIMARY KEY AUTOINCREMENT NOT NULL, "title" varchar, "rating" varchar, "description" text, "release_date" datetime, "created_at" datetime, "updated_at" datetime, "director" varchar) [0m
  [1m[35m (16.5ms)[0m  CREATE TABLE "schema_migrations" ("version" varchar NOT NULL) 
  [1m[36m (0.1ms)[0m  [1mselect sqlite_version(*)[0m
  [1m[35m (13.0ms)[0m  CREATE UNIQUE INDEX "unique_schema_migrations" ON "schema_migrations" ("version")
  [1m[36m (1.8ms)[0m  [1mSELECT version FROM "schema_migrations"[0m
  [1m[35m (11.7ms)[0m  INSERT INTO "schema_migrations" (version) VALUES ('20191013194945')
  [1m[36m (12.1ms)[0m  [1mINSERT INTO "schema_migrations" (version) VALUES ('20111119180638')[0m


Started GET "/" for 127.0.0.1 at 2019-10-17 09:45:32 -0500


Started GET "/movies" for 127.0.0.1 at 2019-10-17 09:45:34 -0500
Processing by MoviesController#index as HTML
  [1m[36mMovie Load (4.7ms)[0m  [1mSELECT "movies".* FROM "movies" WHERE "movies"."rating" IN ('G', 'PG', 'PG-13', 'NC-17', 'R')[0m
  Rendered movies/index.html.haml within layouts/application (109.2ms)
Completed 200 OK in 3168ms (Views: 2679.3ms | ActiveRecord: 38.3ms)


Started GET "/assets/application.self-6f9b50b1298248f9ffdfe129ec4b3e377026ffe33aae3e37ecbf3da21d69be77.css?body=1" for 127.0.0.1 at 2019-10-17 09:45:38 -0500


Started GET "/assets/application.self-ac4347b135ab8935f2dd20089f2acc8bec1d6b2ad528a80fcb03cd445dbd4d27.js?body=1" for 127.0.0.1 at 2019-10-17 09:45:38 -0500


Started GET "/assets/jquery_ujs.self-e87806d0cf4489aeb1bb7288016024e8de67fd18db693fe026fe3907581e53cd.js?body=1" for 127.0.0.1 at 2019-10-17 09:45:38 -0500


Started GET "/assets/jquery.self-660adc51e0224b731d29f575a6f1ec167ba08ad06ed5deca4f1e8654c135bf4c.js?body=1" for 127.0.0.1 at 2019-10-17 09:45:38 -0500


Started GET "/movies?utf8=%E2%9C%93&ratings%5BG%5D=1&ratings%5BPG%5D=1&ratings%5BPG-13%5D=1&ratings%5BNC-17%5D=1&ratings%5BR%5D=1&commit=Refresh" for 127.0.0.1 at 2019-10-17 09:45:43 -0500
Processing by MoviesController#index as HTML
  Parameters: {"utf8"=>"✓", "ratings"=>{"G"=>"1", "PG"=>"1", "PG-13"=>"1", "NC-17"=>"1", "R"=>"1"}, "commit"=>"Refresh"}
Redirected to http://127.0.0.1:63527/movies?ratings%5BG%5D=1&ratings%5BNC-17%5D=1&ratings%5BPG%5D=1&ratings%5BPG-13%5D=1&ratings%5BR%5D=1
Completed 302 Found in 3ms (ActiveRecord: 0.0ms)


Started GET "/movies?ratings%5BG%5D=1&ratings%5BNC-17%5D=1&ratings%5BPG%5D=1&ratings%5BPG-13%5D=1&ratings%5BR%5D=1" for 127.0.0.1 at 2019-10-17 09:45:43 -0500
Processing by MoviesController#index as HTML
  Parameters: {"ratings"=>{"G"=>"1", "NC-17"=>"1", "PG"=>"1", "PG-13"=>"1", "R"=>"1"}}
  [1m[35mMovie Load (5.5ms)[0m  SELECT "movies".* FROM "movies" WHERE "movies"."rating" IN ('G', 'NC-17', 'PG', 'PG-13', 'R')
  Rendered movies/index.html.haml within layouts/application (10.3ms)
Completed 200 OK in 1076ms (Views: 1068.8ms | ActiveRecord: 5.5ms)
  [1m[36mActiveRecord::SchemaMigration Load (10.5ms)[0m  [1mSELECT "schema_migrations".* FROM "schema_migrations"[0m
  [1m[35m (0.0ms)[0m  begin transaction
  [1m[36mSQL (12.7ms)[0m  [1mINSERT INTO "movies" ("title", "rating", "release_date", "created_at", "updated_at") VALUES (?, ?, ?, ?, ?)[0m  [["title", "Aladdin"], ["rating", "G"], ["release_date", "1992-11-25 00:00:00.000000"], ["created_at", "2019-10-17 14:46:22.097140"], ["updated_at", "2019-10-17 14:46:22.097140"]]
  [1m[35m (26.4ms)[0m  commit transaction
  [1m[36m (0.1ms)[0m  [1mbegin transaction[0m
  [1m[35mSQL (18.2ms)[0m  INSERT INTO "movies" ("title", "rating", "release_date", "created_at", "updated_at") VALUES (?, ?, ?, ?, ?)  [["title", "The Terminator"], ["rating", "R"], ["release_date", "1984-10-26 00:00:00.000000"], ["created_at", "2019-10-17 14:46:22.140715"], ["updated_at", "2019-10-17 14:46:22.140715"]]
  [1m[36m (27.8ms)[0m  [1mcommit transaction[0m
  [1m[35m (0.1ms)[0m  begin transaction
  [1m[36mSQL (16.1ms)[0m  [1mINSERT INTO "movies" ("title", "rating", "release_date", "created_at", "updated_at") VALUES (?, ?, ?, ?, ?)[0m  [["title", "When Harry Met Sally"], ["rating", "R"], ["release_date", "1989-07-21 00:00:00.000000"], ["created_at", "2019-10-17 14:46:22.192002"], ["updated_at", "2019-10-17 14:46:22.192002"]]
  [1m[35m (24.3ms)[0m  commit transaction
  [1m[36m (0.1ms)[0m  [1mbegin transaction[0m
  [1m[35mSQL (18.6ms)[0m  INSERT INTO "movies" ("title", "rating", "release_date", "created_at", "updated_at") VALUES (?, ?, ?, ?, ?)  [["title", "The Help"], ["rating", "PG-13"], ["release_date", "2011-08-10 00:00:00.000000"], ["created_at", "2019-10-17 14:46:22.237264"], ["updated_at", "2019-10-17 14:46:22.237264"]]
  [1m[36m (28.6ms)[0m  [1mcommit transaction[0m
  [1m[35m (0.1ms)[0m  begin transaction
  [1m[36mSQL (19.2ms)[0m  [1mINSERT INTO "movies" ("title", "rating", "release_date", "created_at", "updated_at") VALUES (?, ?, ?, ?, ?)[0m  [["title", "Chocolat"], ["rating", "PG-13"], ["release_date", "2001-01-05 00:00:00.000000"], ["created_at", "2019-10-17 14:46:22.289755"], ["updated_at", "2019-10-17 14:46:22.289755"]]
  [1m[35m (28.5ms)[0m  commit transaction
  [1m[36m (0.1ms)[0m  [1mbegin transaction[0m
  [1m[35mSQL (19.3ms)[0m  INSERT INTO "movies" ("title", "rating", "release_date", "created_at", "updated_at") VALUES (?, ?, ?, ?, ?)  [["title", "Amelie"], ["rating", "R"], ["release_date", "2001-04-25 00:00:00.000000"], ["created_at", "2019-10-17 14:46:22.342653"], ["updated_at", "2019-10-17 14:46:22.342653"]]
  [1m[36m (30.6ms)[0m  [1mcommit transaction[0m
  [1m[35m (0.1ms)[0m  begin transaction
  [1m[36mSQL (16.8ms)[0m  [1mINSERT INTO "movies" ("title", "rating", "release_date", "created_at", "updated_at") VALUES (?, ?, ?, ?, ?)[0m  [["title", "2001: A Space Odyssey"], ["rating", "G"], ["release_date", "1968-04-06 00:00:00.000000"], ["created_at", "2019-10-17 14:46:22.399062"], ["updated_at", "2019-10-17 14:46:22.399062"]]
  [1m[35m (24.1ms)[0m  commit transaction
  [1m[36m (0.1ms)[0m  [1mbegin transaction[0m
  [1m[35mSQL (15.3ms)[0m  INSERT INTO "movies" ("title", "rating", "release_date", "created_at", "updated_at") VALUES (?, ?, ?, ?, ?)  [["title", "The Incredibles"], ["rating", "PG"], ["release_date", "2004-11-05 00:00:00.000000"], ["created_at", "2019-10-17 14:46:22.444822"], ["updated_at", "2019-10-17 14:46:22.444822"]]
  [1m[36m (23.0ms)[0m  [1mcommit transaction[0m
  [1m[35m (0.1ms)[0m  begin transaction
  [1m[36mSQL (16.5ms)[0m  [1mINSERT INTO "movies" ("title", "rating", "release_date", "created_at", "updated_at") VALUES (?, ?, ?, ?, ?)[0m  [["title", "Raiders of the Lost Ark"], ["rating", "PG"], ["release_date", "1981-06-12 00:00:00.000000"], ["created_at", "2019-10-17 14:46:22.487528"], ["updated_at", "2019-10-17 14:46:22.487528"]]
  [1m[35m (28.6ms)[0m  commit transaction
  [1m[36m (0.1ms)[0m  [1mbegin transaction[0m
  [1m[35mSQL (19.4ms)[0m  INSERT INTO "movies" ("title", "rating", "release_date", "created_at", "updated_at") VALUES (?, ?, ?, ?, ?)  [["title", "Chicken Run"], ["rating", "G"], ["release_date", "2000-06-21 00:00:00.000000"], ["created_at", "2019-10-17 14:46:22.537442"], ["updated_at", "2019-10-17 14:46:22.537442"]]
  [1m[36m (28.3ms)[0m  [1mcommit transaction[0m


Started GET "/movies?ratings%5BG%5D=1&ratings%5BNC-17%5D=1&ratings%5BPG%5D=1&ratings%5BPG-13%5D=1&ratings%5BR%5D=1" for 127.0.0.1 at 2019-10-17 09:46:34 -0500
Processing by MoviesController#index as HTML
  Parameters: {"ratings"=>{"G"=>"1", "NC-17"=>"1", "PG"=>"1", "PG-13"=>"1", "R"=>"1"}}
  [1m[36mMovie Load (8.1ms)[0m  [1mSELECT "movies".* FROM "movies" WHERE "movies"."rating" IN ('G', 'NC-17', 'PG', 'PG-13', 'R')[0m
  Rendered movies/index.html.haml within layouts/application (48.3ms)
Completed 200 OK in 1167ms (Views: 1150.8ms | ActiveRecord: 14.5ms)


Started GET "/movies/1" for 127.0.0.1 at 2019-10-17 09:46:39 -0500
Processing by MoviesController#show as HTML
  Parameters: {"id"=>"1"}
  [1m[35mMovie Load (6.0ms)[0m  SELECT  "movies".* FROM "movies" WHERE "movies"."id" = ? LIMIT 1  [["id", 1]]
  Rendered movies/show.html.haml within layouts/application (5.0ms)
Completed 200 OK in 942ms (Views: 899.6ms | ActiveRecord: 6.0ms)


Started GET "/movies/1/director" for 127.0.0.1 at 2019-10-17 09:46:43 -0500
Processing by MoviesController#find_same_director as HTML
  Parameters: {"id"=>"1"}
  [1m[36mMovie Load (3.3ms)[0m  [1mSELECT  "movies".* FROM "movies" WHERE "movies"."id" = ? LIMIT 1[0m  [["id", 1]]
Completed 500 Internal Server Error in 6ms (ActiveRecord: 3.3ms)

NoMethodError (undefined method `empty?' for nil:NilClass):
  app/controllers/movies_controller.rb:15:in `find_same_director'


  Rendered /home/wangluochao/.rvm/gems/ruby-2.4.0/gems/actionpack-4.2.10/lib/action_dispatch/middleware/templates/rescues/_source.erb (8.7ms)
  Rendered /home/wangluochao/.rvm/gems/ruby-2.4.0/gems/actionpack-4.2.10/lib/action_dispatch/middleware/templates/rescues/_trace.html.erb (4.4ms)
  Rendered /home/wangluochao/.rvm/gems/ruby-2.4.0/gems/actionpack-4.2.10/lib/action_dispatch/middleware/templates/rescues/_request_and_response.html.erb (1.9ms)
  Rendered /home/wangluochao/.rvm/gems/ruby-2.4.0/gems/actionpack-4.2.10/lib/action_dispatch/middleware/templates/rescues/diagnostics.html.erb within rescues/layout (32.8ms)


Started GET "/movies?ratings%5BG%5D=1&ratings%5BNC-17%5D=1&ratings%5BPG%5D=1&ratings%5BPG-13%5D=1&ratings%5BR%5D=1" for 127.0.0.1 at 2019-10-17 10:08:59 -0500
Processing by MoviesController#index as HTML
  Parameters: {"ratings"=>{"G"=>"1", "NC-17"=>"1", "PG"=>"1", "PG-13"=>"1", "R"=>"1"}}
  [1m[35mMovie Load (4.1ms)[0m  SELECT "movies".* FROM "movies" WHERE "movies"."rating" IN ('G', 'NC-17', 'PG', 'PG-13', 'R')
  Rendered movies/index.html.haml within layouts/application (67.0ms)
Completed 200 OK in 842ms (Views: 701.5ms | ActiveRecord: 19.8ms)


Started GET "/movies/2" for 127.0.0.1 at 2019-10-17 10:09:05 -0500
Processing by MoviesController#show as HTML
  Parameters: {"id"=>"2"}
  [1m[36mMovie Load (6.6ms)[0m  [1mSELECT  "movies".* FROM "movies" WHERE "movies"."id" = ? LIMIT 1[0m  [["id", 2]]
  Rendered movies/show.html.haml within layouts/application (6.2ms)
Completed 200 OK in 1112ms (Views: 1099.1ms | ActiveRecord: 6.6ms)


Started GET "/movies/2/director" for 127.0.0.1 at 2019-10-17 10:09:11 -0500
Processing by MoviesController#find_same_director as HTML
  Parameters: {"id"=>"2"}
  [1m[35mMovie Load (6.2ms)[0m  SELECT  "movies".* FROM "movies" WHERE "movies"."id" = ? LIMIT 1  [["id", 2]]
Redirected to http://127.0.0.1:63527/movies
Completed 302 Found in 17ms (ActiveRecord: 6.2ms)


Started GET "/movies" for 127.0.0.1 at 2019-10-17 10:09:11 -0500
Processing by MoviesController#index as HTML
Redirected to http://127.0.0.1:63527/movies?ratings%5BG%5D=1&ratings%5BNC-17%5D=1&ratings%5BPG%5D=1&ratings%5BPG-13%5D=1&ratings%5BR%5D=1
Completed 302 Found in 9ms (ActiveRecord: 0.0ms)


Started GET "/movies?ratings%5BG%5D=1&ratings%5BNC-17%5D=1&ratings%5BPG%5D=1&ratings%5BPG-13%5D=1&ratings%5BR%5D=1" for 127.0.0.1 at 2019-10-17 10:09:11 -0500
Processing by MoviesController#index as HTML
  Parameters: {"ratings"=>{"G"=>"1", "NC-17"=>"1", "PG"=>"1", "PG-13"=>"1", "R"=>"1"}}
  [1m[36mMovie Load (4.2ms)[0m  [1mSELECT "movies".* FROM "movies" WHERE "movies"."rating" IN ('G', 'NC-17', 'PG', 'PG-13', 'R')[0m
  Rendered movies/index.html.haml within layouts/application (17.8ms)
Completed 200 OK in 626ms (Views: 619.3ms | ActiveRecord: 4.2ms)


Started GET "/movies/5" for 127.0.0.1 at 2019-10-17 10:09:26 -0500
Processing by MoviesController#show as HTML
  Parameters: {"id"=>"5"}
  [1m[35mMovie Load (5.8ms)[0m  SELECT  "movies".* FROM "movies" WHERE "movies"."id" = ? LIMIT 1  [["id", 5]]
  Rendered movies/show.html.haml within layouts/application (8.7ms)
Completed 200 OK in 1067ms (Views: 1056.5ms | ActiveRecord: 5.8ms)


Started GET "/movies/5/director" for 127.0.0.1 at 2019-10-17 10:09:32 -0500
Processing by MoviesController#find_same_director as HTML
  Parameters: {"id"=>"5"}
  [1m[36mMovie Load (4.6ms)[0m  [1mSELECT  "movies".* FROM "movies" WHERE "movies"."id" = ? LIMIT 1[0m  [["id", 5]]
Redirected to http://127.0.0.1:63527/movies
Completed 302 Found in 11ms (ActiveRecord: 4.6ms)


Started GET "/movies" for 127.0.0.1 at 2019-10-17 10:09:32 -0500
Processing by MoviesController#index as HTML
Redirected to http://127.0.0.1:63527/movies?ratings%5BG%5D=1&ratings%5BNC-17%5D=1&ratings%5BPG%5D=1&ratings%5BPG-13%5D=1&ratings%5BR%5D=1
Completed 302 Found in 11ms (ActiveRecord: 0.0ms)


Started GET "/movies?ratings%5BG%5D=1&ratings%5BNC-17%5D=1&ratings%5BPG%5D=1&ratings%5BPG-13%5D=1&ratings%5BR%5D=1" for 127.0.0.1 at 2019-10-17 10:09:32 -0500
Processing by MoviesController#index as HTML
  Parameters: {"ratings"=>{"G"=>"1", "NC-17"=>"1", "PG"=>"1", "PG-13"=>"1", "R"=>"1"}}
  [1m[35mMovie Load (6.1ms)[0m  SELECT "movies".* FROM "movies" WHERE "movies"."rating" IN ('G', 'NC-17', 'PG', 'PG-13', 'R')
  Rendered movies/index.html.haml within layouts/application (27.5ms)
Completed 200 OK in 806ms (Views: 798.9ms | ActiveRecord: 6.1ms)


Started GET "/movies/8" for 127.0.0.1 at 2019-10-17 10:09:41 -0500
Processing by MoviesController#show as HTML
  Parameters: {"id"=>"8"}
  [1m[36mMovie Load (2.0ms)[0m  [1mSELECT  "movies".* FROM "movies" WHERE "movies"."id" = ? LIMIT 1[0m  [["id", 8]]
  Rendered movies/show.html.haml within layouts/application (1.8ms)
Completed 200 OK in 791ms (Views: 788.0ms | ActiveRecord: 2.0ms)


Started GET "/movies/8/director" for 127.0.0.1 at 2019-10-17 10:09:45 -0500
Processing by MoviesController#find_same_director as HTML
  Parameters: {"id"=>"8"}
  [1m[35mMovie Load (4.9ms)[0m  SELECT  "movies".* FROM "movies" WHERE "movies"."id" = ? LIMIT 1  [["id", 8]]
Redirected to http://127.0.0.1:63527/movies
Completed 302 Found in 8ms (ActiveRecord: 4.9ms)


Started GET "/movies" for 127.0.0.1 at 2019-10-17 10:09:45 -0500
Processing by MoviesController#index as HTML
Redirected to http://127.0.0.1:63527/movies?ratings%5BG%5D=1&ratings%5BNC-17%5D=1&ratings%5BPG%5D=1&ratings%5BPG-13%5D=1&ratings%5BR%5D=1
Completed 302 Found in 9ms (ActiveRecord: 0.0ms)


Started GET "/movies?ratings%5BG%5D=1&ratings%5BNC-17%5D=1&ratings%5BPG%5D=1&ratings%5BPG-13%5D=1&ratings%5BR%5D=1" for 127.0.0.1 at 2019-10-17 10:09:45 -0500
Processing by MoviesController#index as HTML
  Parameters: {"ratings"=>{"G"=>"1", "NC-17"=>"1", "PG"=>"1", "PG-13"=>"1", "R"=>"1"}}
  [1m[36mMovie Load (3.5ms)[0m  [1mSELECT "movies".* FROM "movies" WHERE "movies"."rating" IN ('G', 'NC-17', 'PG', 'PG-13', 'R')[0m
  Rendered movies/index.html.haml within layouts/application (12.4ms)
Completed 200 OK in 791ms (Views: 785.3ms | ActiveRecord: 3.5ms)


Started GET "/movies?utf8=%E2%9C%93&ratings%5BG%5D=1&ratings%5BPG%5D=1&ratings%5BPG-13%5D=1&ratings%5BNC-17%5D=1&ratings%5BR%5D=1&commit=Refresh" for 127.0.0.1 at 2019-10-17 10:09:55 -0500
Processing by MoviesController#index as HTML
  Parameters: {"utf8"=>"✓", "ratings"=>{"G"=>"1", "PG"=>"1", "PG-13"=>"1", "NC-17"=>"1", "R"=>"1"}, "commit"=>"Refresh"}
  [1m[35mMovie Load (4.5ms)[0m  SELECT "movies".* FROM "movies" WHERE "movies"."rating" IN ('G', 'PG', 'PG-13', 'NC-17', 'R')
  Rendered movies/index.html.haml within layouts/application (13.8ms)
Completed 200 OK in 817ms (Views: 811.6ms | ActiveRecord: 4.5ms)


Started GET "/movies?utf8=%E2%9C%93&ratings%5BG%5D=1&ratings%5BPG%5D=1&commit=Refresh" for 127.0.0.1 at 2019-10-17 10:10:03 -0500
Processing by MoviesController#index as HTML
  Parameters: {"utf8"=>"✓", "ratings"=>{"G"=>"1", "PG"=>"1"}, "commit"=>"Refresh"}
Redirected to http://127.0.0.1:63527/movies?ratings%5BG%5D=1&ratings%5BPG%5D=1
Completed 302 Found in 5ms (ActiveRecord: 0.0ms)


Started GET "/movies?ratings%5BG%5D=1&ratings%5BPG%5D=1" for 127.0.0.1 at 2019-10-17 10:10:04 -0500
Processing by MoviesController#index as HTML
  Parameters: {"ratings"=>{"G"=>"1", "PG"=>"1"}}
  [1m[36mMovie Load (6.2ms)[0m  [1mSELECT "movies".* FROM "movies" WHERE "movies"."rating" IN ('G', 'PG')[0m
  Rendered movies/index.html.haml within layouts/application (20.2ms)
Completed 200 OK in 1061ms (Views: 1052.8ms | ActiveRecord: 6.2ms)


Started GET "/movies?utf8=%E2%9C%93&ratings%5BG%5D=1&ratings%5BPG%5D=1&ratings%5BPG-13%5D=1&ratings%5BNC-17%5D=1&ratings%5BR%5D=1&commit=Refresh" for 127.0.0.1 at 2019-10-17 10:10:11 -0500
Processing by MoviesController#index as HTML
  Parameters: {"utf8"=>"✓", "ratings"=>{"G"=>"1", "PG"=>"1", "PG-13"=>"1", "NC-17"=>"1", "R"=>"1"}, "commit"=>"Refresh"}
Redirected to http://127.0.0.1:63527/movies?ratings%5BG%5D=1&ratings%5BNC-17%5D=1&ratings%5BPG%5D=1&ratings%5BPG-13%5D=1&ratings%5BR%5D=1
Completed 302 Found in 5ms (ActiveRecord: 0.0ms)


Started GET "/movies?ratings%5BG%5D=1&ratings%5BNC-17%5D=1&ratings%5BPG%5D=1&ratings%5BPG-13%5D=1&ratings%5BR%5D=1" for 127.0.0.1 at 2019-10-17 10:10:12 -0500
Processing by MoviesController#index as HTML
  Parameters: {"ratings"=>{"G"=>"1", "NC-17"=>"1", "PG"=>"1", "PG-13"=>"1", "R"=>"1"}}
  [1m[35mMovie Load (3.3ms)[0m  SELECT "movies".* FROM "movies" WHERE "movies"."rating" IN ('G', 'NC-17', 'PG', 'PG-13', 'R')
  Rendered movies/index.html.haml within layouts/application (10.1ms)
Completed 200 OK in 894ms (Views: 888.4ms | ActiveRecord: 3.3ms)
